# JRE version: Java(TM) SE Runtime Environment (8.0_11-b12) (build 1.8.0_11-b12)
# Java VM: Java HotSpot(TM) 64-Bit Server VM (25.11-b03 mixed mode windows-amd64 compressed oops)
Heap:
 PSYoungGen      total 2560K, used 1558K [0x00000000f9c00000, 0x00000000f9f00000, 0x0000000100000000)
  eden space 2048K, 51% used [0x00000000f9c00000,0x00000000f9d099f0,0x00000000f9e00000)
  from space 512K, 96% used [0x00000000f9e80000,0x00000000f9efc010,0x00000000f9f00000)
  to   space 512K, 0% used [0x00000000f9e00000,0x00000000f9e00000,0x00000000f9e80000)
 ParOldGen       total 129536K, used 992K [0x00000000ed400000, 0x00000000f5280000, 0x00000000f9c00000)
  object space 129536K, 0% used [0x00000000ed400000,0x00000000ed4f8030,0x00000000f5280000)
 Metaspace       used 9776K, capacity 9906K, committed 10112K, reserved 1058816K
  class space    used 1244K, capacity 1305K, committed 1408K, reserved 1048576K
GC Heap History (8 events):
Event: 0.281 GC heap before
{Heap before GC invocations=1 (full 0):
 PSYoungGen      total 1024K, used 512K [0x00000000f9c00000, 0x00000000f9d80000, 0x0000000100000000)
  eden space 512K, 100% used [0x00000000f9c00000,0x00000000f9c80000,0x00000000f9c80000)
  from space 512K, 0% used [0x00000000f9d00000,0x00000000f9d00000,0x00000000f9d80000)
  to   space 512K, 0% used [0x00000000f9c80000,0x00000000f9c80000,0x00000000f9d00000)
 ParOldGen       total 129536K, used 0K [0x00000000ed400000, 0x00000000f5280000, 0x00000000f9c00000)
  object space 129536K, 0% used [0x00000000ed400000,0x00000000ed400000,0x00000000f5280000)
 Metaspace       used 3156K, capacity 4518K, committed 4864K, reserved 1056768K
  class space    used 357K, capacity 418K, committed 512K, reserved 1048576K
Event: 0.307 GC heap after
Heap after GC invocations=1 (full 0):
 PSYoungGen      total 1024K, used 368K [0x00000000f9c00000, 0x00000000f9e00000, 0x0000000100000000)
  eden space 512K, 0% used [0x00000000f9c00000,0x00000000f9c00000,0x00000000f9c80000)
  from space 512K, 71% used [0x00000000f9c80000,0x00000000f9cdc010,0x00000000f9d00000)
  to   space 512K, 0% used [0x00000000f9d80000,0x00000000f9d80000,0x00000000f9e00000)
 ParOldGen       total 129536K, used 8K [0x00000000ed400000, 0x00000000f5280000, 0x00000000f9c00000)
  object space 129536K, 0% used [0x00000000ed400000,0x00000000ed402000,0x00000000f5280000)
 Metaspace       used 3156K, capacity 4518K, committed 4864K, reserved 1056768K
  class space    used 357K, capacity 418K, committed 512K, reserved 1048576K
}
Event: 0.453 GC heap before
{Heap before GC invocations=2 (full 0):
 PSYoungGen      total 1024K, used 880K [0x00000000f9c00000, 0x00000000f9e00000, 0x0000000100000000)
  eden space 512K, 100% used [0x00000000f9c00000,0x00000000f9c80000,0x00000000f9c80000)
  from space 512K, 71% used [0x00000000f9c80000,0x00000000f9cdc010,0x00000000f9d00000)
  to   space 512K, 0% used [0x00000000f9d80000,0x00000000f9d80000,0x00000000f9e00000)
 ParOldGen       total 129536K, used 8K [0x00000000ed400000, 0x00000000f5280000, 0x00000000f9c00000)
  object space 129536K, 0% used [0x00000000ed400000,0x00000000ed402000,0x00000000f5280000)
 Metaspace       used 4794K, capacity 4852K, committed 4992K, reserved 1056768K
  class space    used 547K, capacity 599K, committed 640K, reserved 1048576K
Event: 0.484 GC heap after
Heap after GC invocations=2 (full 0):
 PSYoungGen      total 1536K, used 512K [0x00000000f9c00000, 0x00000000f9e00000, 0x0000000100000000)
  eden space 1024K, 0% used [0x00000000f9c00000,0x00000000f9c00000,0x00000000f9d00000)
  from space 512K, 100% used [0x00000000f9d80000,0x00000000f9e00000,0x00000000f9e00000)
  to   space 512K, 0% used [0x00000000f9d00000,0x00000000f9d00000,0x00000000f9d80000)
 ParOldGen       total 129536K, used 56K [0x00000000ed400000, 0x00000000f5280000, 0x00000000f9c00000)
  object space 129536K, 0% used [0x00000000ed400000,0x00000000ed40e000,0x00000000f5280000)
 Metaspace       used 4794K, capacity 4852K, committed 4992K, reserved 1056768K
  class space    used 547K, capacity 599K, committed 640K, reserved 1048576K
}
Event: 1.004 GC heap before
{Heap before GC invocations=3 (full 0):
 PSYoungGen      total 1536K, used 1536K [0x00000000f9c00000, 0x00000000f9e00000, 0x0000000100000000)
  eden space 1024K, 100% used [0x00000000f9c00000,0x00000000f9d00000,0x00000000f9d00000)
  from space 512K, 100% used [0x00000000f9d80000,0x00000000f9e00000,0x00000000f9e00000)
  to   space 512K, 0% used [0x00000000f9d00000,0x00000000f9d00000,0x00000000f9d80000)
 ParOldGen       total 129536K, used 56K [0x00000000ed400000, 0x00000000f5280000, 0x00000000f9c00000)
  object space 129536K, 0% used [0x00000000ed400000,0x00000000ed40e000,0x00000000f5280000)
 Metaspace       used 6079K, capacity 6198K, committed 6400K, reserved 1056768K
  class space    used 707K, capacity 756K, committed 768K, reserved 1048576K
Event: 1.027 GC heap after
Heap after GC invocations=3 (full 0):
 PSYoungGen      total 1536K, used 496K [0x00000000f9c00000, 0x00000000f9f00000, 0x0000000100000000)
  eden space 1024K, 0% used [0x00000000f9c00000,0x00000000f9c00000,0x00000000f9d00000)
  from space 512K, 96% used [0x00000000f9d00000,0x00000000f9d7c010,0x00000000f9d80000)
  to   space 512K, 0% used [0x00000000f9e80000,0x00000000f9e80000,0x00000000f9f00000)
 ParOldGen       total 129536K, used 520K [0x00000000ed400000, 0x00000000f5280000, 0x00000000f9c00000)
  object space 129536K, 0% used [0x00000000ed400000,0x00000000ed482030,0x00000000f5280000)
 Metaspace       used 6079K, capacity 6198K, committed 6400K, reserved 1056768K
  class space    used 707K, capacity 756K, committed 768K, reserved 1048576K
}
Event: 1.946 GC heap before
{Heap before GC invocations=4 (full 0):
 PSYoungGen      total 1536K, used 1392K [0x00000000f9c00000, 0x00000000f9f00000, 0x0000000100000000)
  eden space 1024K, 87% used [0x00000000f9c00000,0x00000000f9ce01e0,0x00000000f9d00000)
  from space 512K, 96% used [0x00000000f9d00000,0x00000000f9d7c010,0x00000000f9d80000)
  to   space 512K, 0% used [0x00000000f9e80000,0x00000000f9e80000,0x00000000f9f00000)
 ParOldGen       total 129536K, used 520K [0x00000000ed400000, 0x00000000f5280000, 0x00000000f9c00000)
  object space 129536K, 0% used [0x00000000ed400000,0x00000000ed482030,0x00000000f5280000)
 Metaspace       used 9040K, capacity 9170K, committed 9472K, reserved 1056768K
  class space    used 1153K, capacity 1209K, committed 1280K, reserved 1048576K
Event: 1.978 GC heap after
Heap after GC invocations=4 (full 0):
 PSYoungGen      total 2560K, used 496K [0x00000000f9c00000, 0x00000000f9f00000, 0x0000000100000000)
  eden space 2048K, 0% used [0x00000000f9c00000,0x00000000f9c00000,0x00000000f9e00000)
  from space 512K, 96% used [0x00000000f9e80000,0x00000000f9efc010,0x00000000f9f00000)
  to   space 512K, 0% used [0x00000000f9e00000,0x00000000f9e00000,0x00000000f9e80000)
 ParOldGen       total 129536K, used 992K [0x00000000ed400000, 0x00000000f5280000, 0x00000000f9c00000)
  object space 129536K, 0% used [0x00000000ed400000,0x00000000ed4f8030,0x00000000f5280000)
 Metaspace       used 9040K, capacity 9170K, committed 9472K, reserved 1056768K
  class space    used 1153K, capacity 1209K, committed 1280K, reserved 1048576K
}

